<?xml version="1.0" encoding="UTF-8" ?>
<testsuite tests="6" failures="0" name="com.vicce.move.AppTest" time="0.377" errors="0" skipped="0">
  <properties>
[...]
</properties>
  <testcase classname="com.vicce.move.AppTest" name="VehiculFMSportConstructoriFaraParametri" time="0.05"/>
  <testcase classname="com.vicce.move.AppTest" name="VehiculFMSportConstructoriDeCopiere" time="0"/>
  <testcase classname="com.vicce.move.AppTest" name="MobilitateTest" time="0.133"/>
  <testcase classname="com.vicce.move.AppTest" name="SeedTest" time="0.183"/>
  <testcase classname="com.vicce.move.AppTest" name="VehiculFMSportConstructoriCuParametri" time="0.001"/>
  <testcase classname="com.vicce.move.AppTest" name="VehiculFMSportTest" time="0.01"/>
</testsuite>